<?xml version="1.0" encoding="UTF-8"?>
<!-- Generated by org.testng.reporters.JUnitReportReporter -->
<testsuite hostname="SILICUS524" failures="0" tests="1" name="demoMavenProject5.Searchfunctionality" time="106.521" errors="0" timestamp="2020-05-27T06:48:39 IST" skipped="0">
  <testcase classname="demoMavenProject5.Searchfunctionality" name="Test12_testORDER_HISTORY_Page" time="106.521"/>
  <system-out/>
</testsuite> <!-- demoMavenProject5.Searchfunctionality -->
