<?xml version="1.0" encoding="UTF-8"?>
<!-- Generated by org.testng.reporters.JUnitReportReporter -->
<testsuite hostname="SILICUS524" failures="0" tests="1" name="demoMavenProject5.HomePage" time="24.402" errors="0" timestamp="2020-05-25T19:12:30 IST" skipped="0">
  <testcase classname="demoMavenProject5.HomePage" name="Test2_unOrderedListnav" time="24.402"/>
  <system-out/>
</testsuite> <!-- demoMavenProject5.HomePage -->
